<?xml version="1.0" encoding="UTF-8"?>
<!-- Generated by org.testng.reporters.JUnitReportReporter -->
<testsuite hostname="DESKTOP-I4FDV2H" failures="0" tests="4" name="databaseTestingWorkbenech.TestCasesTestingDatabase" time="0.245" errors="0" timestamp="2024-08-31T11:31:17 EET" skipped="0">
  <testcase classname="databaseTestingWorkbenech.TestCasesTestingDatabase" name="test1ToGetData" time="0.171"/>
  <system-out/>
  <testcase classname="databaseTestingWorkbenech.TestCasesTestingDatabase" name="AddData" time="0.019"/>
  <system-out/>
  <testcase classname="databaseTestingWorkbenech.TestCasesTestingDatabase" name="UpdateData" time="0.044"/>
  <system-out/>
  <testcase classname="databaseTestingWorkbenech.TestCasesTestingDatabase" name="DeleteData" time="0.011"/>
  <system-out/>
</testsuite> <!-- databaseTestingWorkbenech.TestCasesTestingDatabase -->
